# JRE version: OpenJDK Runtime Environment (15.0.2+10) (build 15.0.2+10)
# Java VM: OpenJDK 64-Bit Server VM (15.0.2+10, mixed mode, sharing, tiered, compressed oops, g1 gc, windows-amd64)
GC Precious Log:
 CPUs: 8 total, 8 available
 Memory: 16062M
 Large Page Support: Disabled
 NUMA Support: Disabled
 Compressed Oops: Enabled (Zero based)
 Heap Region Size: 2M
 Heap Min Capacity: 8M
 Heap Initial Capacity: 252M
 Heap Max Capacity: 4016M
 Pre-touch: Disabled
 Parallel Workers: 8
 Concurrent Workers: 2
 Concurrent Refinement Workers: 8
 Periodic GC: Disabled
Heap:
 garbage-first heap   total 225280K, used 152153K [0x0000000705000000, 0x0000000800000000)
  region size 2048K, 13 young (26624K), 1 survivors (2048K)
 Metaspace       used 46814K, capacity 47134K, committed 47792K, reserved 1091584K
  class space    used 6293K, capacity 6395K, committed 6400K, reserved 1048576K
GC Heap History (20 events):
Event: 125.931 GC heap before
{Heap before GC invocations=7 (full 0):
 garbage-first heap   total 96256K, used 54912K [0x0000000705000000, 0x0000000800000000)
  region size 2048K, 11 young (22528K), 3 survivors (6144K)
 Metaspace       used 35012K, capacity 35238K, committed 35888K, reserved 1081344K
  class space    used 4350K, capacity 4459K, committed 4480K, reserved 1048576K
}
Event: 125.942 GC heap after
{Heap after GC invocations=8 (full 0):
 garbage-first heap   total 96256K, used 45856K [0x0000000705000000, 0x0000000800000000)
  region size 2048K, 2 young (4096K), 2 survivors (4096K)
 Metaspace       used 35012K, capacity 35238K, committed 35888K, reserved 1081344K
  class space    used 4350K, capacity 4459K, committed 4480K, reserved 1048576K
}
Event: 136.764 GC heap before
{Heap before GC invocations=9 (full 0):
 garbage-first heap   total 96256K, used 66336K [0x0000000705000000, 0x0000000800000000)
  region size 2048K, 12 young (24576K), 2 survivors (4096K)
 Metaspace       used 36972K, capacity 37255K, committed 37936K, reserved 1083392K
  class space    used 4829K, capacity 4939K, committed 4992K, reserved 1048576K
}
Event: 136.780 GC heap after
{Heap after GC invocations=10 (full 0):
 garbage-first heap   total 96256K, used 50167K [0x0000000705000000, 0x0000000800000000)
  region size 2048K, 2 young (4096K), 2 survivors (4096K)
 Metaspace       used 36972K, capacity 37255K, committed 37936K, reserved 1083392K
  class space    used 4829K, capacity 4939K, committed 4992K, reserved 1048576K
}
Event: 141.095 GC heap before
{Heap before GC invocations=10 (full 0):
 garbage-first heap   total 96256K, used 70647K [0x0000000705000000, 0x0000000800000000)
  region size 2048K, 12 young (24576K), 2 survivors (4096K)
 Metaspace       used 41716K, capacity 41976K, committed 42672K, reserved 1087488K
  class space    used 5410K, capacity 5529K, committed 5632K, reserved 1048576K
}
Event: 141.101 GC heap after
{Heap after GC invocations=11 (full 0):
 garbage-first heap   total 96256K, used 54901K [0x0000000705000000, 0x0000000800000000)
  region size 2048K, 2 young (4096K), 2 survivors (4096K)
 Metaspace       used 41716K, capacity 41976K, committed 42672K, reserved 1087488K
  class space    used 5410K, capacity 5529K, committed 5632K, reserved 1048576K
}
Event: 141.755 GC heap before
{Heap before GC invocations=12 (full 0):
 garbage-first heap   total 96256K, used 69237K [0x0000000705000000, 0x0000000800000000)
  region size 2048K, 10 young (20480K), 2 survivors (4096K)
 Metaspace       used 42355K, capacity 42648K, committed 43312K, reserved 1087488K
  class space    used 5562K, capacity 5689K, committed 5760K, reserved 1048576K
}
Event: 141.758 GC heap after
{Heap after GC invocations=13 (full 0):
 garbage-first heap   total 96256K, used 60608K [0x0000000705000000, 0x0000000800000000)
  region size 2048K, 2 young (4096K), 2 survivors (4096K)
 Metaspace       used 42355K, capacity 42648K, committed 43312K, reserved 1087488K
  class space    used 5562K, capacity 5689K, committed 5760K, reserved 1048576K
}
Event: 142.339 GC heap before
{Heap before GC invocations=13 (full 0):
 garbage-first heap   total 96256K, used 68800K [0x0000000705000000, 0x0000000800000000)
  region size 2048K, 7 young (14336K), 2 survivors (4096K)
 Metaspace       used 42689K, capacity 42936K, committed 43696K, reserved 1087488K
  class space    used 5659K, capacity 5785K, committed 5888K, reserved 1048576K
}
Event: 142.352 GC heap after
{Heap after GC invocations=14 (full 0):
 garbage-first heap   total 96256K, used 63814K [0x0000000705000000, 0x0000000800000000)
  region size 2048K, 1 young (2048K), 1 survivors (2048K)
 Metaspace       used 42689K, capacity 42936K, committed 43696K, reserved 1087488K
  class space    used 5659K, capacity 5785K, committed 5888K, reserved 1048576K
}
Event: 142.596 GC heap before
{Heap before GC invocations=15 (full 0):
 garbage-first heap   total 143360K, used 82246K [0x0000000705000000, 0x0000000800000000)
  region size 2048K, 6 young (12288K), 1 survivors (2048K)
 Metaspace       used 42775K, capacity 43064K, committed 43696K, reserved 1087488K
  class space    used 5684K, capacity 5785K, committed 5888K, reserved 1048576K
}
Event: 142.600 GC heap after
{Heap after GC invocations=16 (full 0):
 garbage-first heap   total 143360K, used 74567K [0x0000000705000000, 0x0000000800000000)
  region size 2048K, 1 young (2048K), 1 survivors (2048K)
 Metaspace       used 42775K, capacity 43064K, committed 43696K, reserved 1087488K
  class space    used 5684K, capacity 5785K, committed 5888K, reserved 1048576K
}
Event: 144.200 GC heap before
{Heap before GC invocations=16 (full 0):
 garbage-first heap   total 143360K, used 105287K [0x0000000705000000, 0x0000000800000000)
  region size 2048K, 16 young (32768K), 1 survivors (2048K)
 Metaspace       used 43544K, capacity 43864K, committed 44592K, reserved 1087488K
  class space    used 5887K, capacity 6009K, committed 6016K, reserved 1048576K
}
Event: 144.209 GC heap after
{Heap after GC invocations=17 (full 0):
 garbage-first heap   total 143360K, used 83395K [0x0000000705000000, 0x0000000800000000)
  region size 2048K, 2 young (4096K), 2 survivors (4096K)
 Metaspace       used 43544K, capacity 43864K, committed 44592K, reserved 1087488K
  class space    used 5887K, capacity 6009K, committed 6016K, reserved 1048576K
}
Event: 145.992 GC heap before
{Heap before GC invocations=18 (full 0):
 garbage-first heap   total 143360K, used 101827K [0x0000000705000000, 0x0000000800000000)
  region size 2048K, 13 young (26624K), 2 survivors (4096K)
 Metaspace       used 44325K, capacity 44600K, committed 45232K, reserved 1089536K
  class space    used 6020K, capacity 6105K, committed 6144K, reserved 1048576K
}
Event: 145.999 GC heap after
{Heap after GC invocations=19 (full 0):
 garbage-first heap   total 143360K, used 90246K [0x0000000705000000, 0x0000000800000000)
  region size 2048K, 2 young (4096K), 2 survivors (4096K)
 Metaspace       used 44325K, capacity 44600K, committed 45232K, reserved 1089536K
  class space    used 6020K, capacity 6105K, committed 6144K, reserved 1048576K
}
Event: 146.299 GC heap before
{Heap before GC invocations=20 (full 0):
 garbage-first heap   total 163840K, used 94342K [0x0000000705000000, 0x0000000800000000)
  region size 2048K, 3 young (6144K), 2 survivors (4096K)
 Metaspace       used 44796K, capacity 45112K, committed 45872K, reserved 1089536K
  class space    used 6063K, capacity 6169K, committed 6272K, reserved 1048576K
}
Event: 146.304 GC heap after
{Heap after GC invocations=21 (full 0):
 garbage-first heap   total 163840K, used 95015K [0x0000000705000000, 0x0000000800000000)
  region size 2048K, 1 young (2048K), 1 survivors (2048K)
 Metaspace       used 44796K, capacity 45112K, committed 45872K, reserved 1089536K
  class space    used 6063K, capacity 6169K, committed 6272K, reserved 1048576K
}
Event: 418.598 GC heap before
{Heap before GC invocations=22 (full 0):
 garbage-first heap   total 225280K, used 158503K [0x0000000705000000, 0x0000000800000000)
  region size 2048K, 15 young (30720K), 1 survivors (2048K)
 Metaspace       used 45009K, capacity 45304K, committed 46128K, reserved 1089536K
  class space    used 6073K, capacity 6169K, committed 6272K, reserved 1048576K
}
Event: 418.603 GC heap after
{Heap after GC invocations=23 (full 0):
 garbage-first heap   total 225280K, used 129625K [0x0000000705000000, 0x0000000800000000)
  region size 2048K, 1 young (2048K), 1 survivors (2048K)
 Metaspace       used 45009K, capacity 45304K, committed 46128K, reserved 1089536K
  class space    used 6073K, capacity 6169K, committed 6272K, reserved 1048576K
}

